#
# A fatal error has been detected by the Java Runtime Environment:
#
#  SIGSEGV (0xb) at pc=0x0000000103eb1ab7, pid=1395, tid=18179
#
# JRE version: Java(TM) SE Runtime Environment (8.0_60-b27) (build 1.8.0_60-b27)
# Java VM: Java HotSpot(TM) 64-Bit Server VM (25.60-b23 mixed mode bsd-amd64 compressed oops)
# Problematic frame:
# V  [libjvm.dylib+0x2b1ab7]
#
# Failed to write core dump. Core dumps have been disabled. To enable core dumping, try "ulimit -c unlimited" before starting Java again
#
# If you would like to submit a bug report, please visit:
#   http://bugreport.java.com/bugreport/crash.jsp
#

---------------  T H R E A D  ---------------

Current thread (0x00007fc07482c800):  JavaThread "C1 CompilerThread2" daemon [_thread_in_vm, id=18179, stack(0x0000700000d41000,0x0000700000e41000)]

siginfo: si_signo: 11 (SIGSEGV), si_code: 1 (SEGV_MAPERR), si_addr: 0x000004011673c0a8

Registers:
RAX=0x0000000000000001, RBX=0x0000000000000001, RCX=0x0000000000000001, RDX=0x0000000000000001
RSP=0x0000700000e3f3f0, RBP=0x0000700000e3f3f0, RSI=0x0000000116cc65b0, RDI=0x000000011673bfd8
R8 =0x000004011673c088, R9 =0x000000000000000f, R10=0x0000000116ca00b0, R11=0xfffffffffffffff8
R12=0x0000700000e3f910, R13=0x0000700000e3f9a8, R14=0x000000011673bfd8, R15=0x00000007c00511c8
RIP=0x0000000103eb1ab7, EFLAGS=0x0000000000010202, ERR=0x0000000000000004
  TRAPNO=0x000000000000000e

Top of Stack: (sp=0x0000700000e3f3f0)
0x0000700000e3f3f0:   0000700000e3f440 0000000103eb1bae
0x0000700000e3f400:   0000000000000000 0000000116cc65b0
0x0000700000e3f410:   0000000116ca40f0 000000011673bfd8
0x0000700000e3f420:   0000700000e3f910 0000700000e3f9a8
0x0000700000e3f430:   0000000116cc65b0 00000007c00511c8
0x0000700000e3f440:   0000700000e3f460 0000000103eb1d37
0x0000700000e3f450:   00000007c00511c8 0000000116ca40f0
0x0000700000e3f460:   0000700000e3f490 0000000103eb1d7d
0x0000700000e3f470:   00007fc077370a00 0000000116ca40f0
0x0000700000e3f480:   0000000116cc65b0 00000007c00511c8
0x0000700000e3f490:   0000700000e3f4f0 0000000103fc562c
0x0000700000e3f4a0:   0000000100000000 000000011b1a5d40
0x0000700000e3f4b0:   000000011b1a5d40 0000000103fc4d19
0x0000700000e3f4c0:   000000011b216160 0000700000e3f910
0x0000700000e3f4d0:   00007fc07482c800 0000700000e3f9a8
0x0000700000e3f4e0:   00000007c00511c8 00007fc07482c800
0x0000700000e3f4f0:   0000700000e3f6c0 0000000103fc608e
0x0000700000e3f500:   00007fc07482c800 00007fc0773789e8
0x0000700000e3f510:   0000000000010388 00000001c00511c8
0x0000700000e3f520:   00000007c00511c8 0000000116cc65b0
0x0000700000e3f530:   0000000116ca40f0 0000000000000000
0x0000700000e3f540:   0000700000e3f570 0000000103eb755d
0x0000700000e3f550:   0000000116ca40f0 0000000080000000
0x0000700000e3f560:   0000000104c9dc10 00000007c0050fb0
0x0000700000e3f570:   0000000000000000 0000700000e3f638
0x0000700000e3f580:   0000700000e3f610 0000000103fc79bc
0x0000700000e3f590:   00000007c0050fb0 00000001164a0480
0x0000700000e3f5a0:   00007fc07482c800 00000007c00511c8
0x0000700000e3f5b0:   0000700000e3f630 0000000103fc4d19
0x0000700000e3f5c0:   50003261925609b3 00000001164a0480
0x0000700000e3f5d0:   0000700000e3f870 00000001164a0480
0x0000700000e3f5e0:   00000001164a0480 00000001164a0480 

Instructions: (pc=0x0000000103eb1ab7)
0x0000000103eb1a97:   e5 8b 0f ff c9 31 d2 eb 33 ff c0 89 c2 eb 2d 8d
0x0000000103eb1aa7:   04 11 d1 f8 4c 63 c0 4e 8b 44 c7 08 4d 8b 40 08
0x0000000103eb1ab7:   45 0f b7 48 20 4d 8b 40 08 4f 8b 44 c8 50 49 39
0x0000000103eb1ac7:   f0 72 d6 49 39 f0 74 0d ff c8 89 c1 39 ca 7e cf 

Register to memory mapping:

RAX=0x0000000000000001 is an unknown value
RBX=0x0000000000000001 is an unknown value
RCX=0x0000000000000001 is an unknown value
RDX=0x0000000000000001 is an unknown value
RSP=0x0000700000e3f3f0 is pointing into the stack for thread: 0x00007fc07482c800
RBP=0x0000700000e3f3f0 is pointing into the stack for thread: 0x00007fc07482c800
RSI=0x0000000116cc65b0 is an unknown value
RDI=0x000000011673bfd8 is pointing into metadata
R8 =0x000004011673c088 is an unknown value
R9 =0x000000000000000f is an unknown value
R10=0x0000000116ca00b0 is an unknown value
R11=0xfffffffffffffff8 is an unknown value
R12=0x0000700000e3f910 is pointing into the stack for thread: 0x00007fc07482c800
R13=0x0000700000e3f9a8 is pointing into the stack for thread: 0x00007fc07482c800
R14=0x000000011673bfd8 is pointing into metadata
R15=0x00000007c00511c8 is pointing into metadata


Stack: [0x0000700000d41000,0x0000700000e41000],  sp=0x0000700000e3f3f0,  free space=1016k
Native frames: (J=compiled Java code, j=interpreted, Vv=VM code, C=native code)
V  [libjvm.dylib+0x2b1ab7]
V  [libjvm.dylib+0x2b1bae]
V  [libjvm.dylib+0x2b1d37]
V  [libjvm.dylib+0x2b1d7d]
V  [libjvm.dylib+0x3c562c]
V  [libjvm.dylib+0x3c608e]
V  [libjvm.dylib+0x3c6609]
V  [libjvm.dylib+0x3c6858]
V  [libjvm.dylib+0x1637c1]
V  [libjvm.dylib+0x16499b]
V  [libjvm.dylib+0x164aa3]
V  [libjvm.dylib+0x175ae1]
V  [libjvm.dylib+0xf3e8f]
V  [libjvm.dylib+0xf6f61]
V  [libjvm.dylib+0xf37eb]
V  [libjvm.dylib+0xf365e]
V  [libjvm.dylib+0xf395e]
V  [libjvm.dylib+0xf48b6]
V  [libjvm.dylib+0xf6f61]
V  [libjvm.dylib+0xf37eb]
V  [libjvm.dylib+0xf365e]
V  [libjvm.dylib+0xf395e]
V  [libjvm.dylib+0xf48b6]
V  [libjvm.dylib+0xf6f61]
V  [libjvm.dylib+0xf382d]
V  [libjvm.dylib+0xf7d21]
V  [libjvm.dylib+0xfd1f6]
V  [libjvm.dylib+0xfd2a7]
V  [libjvm.dylib+0xe849f]
V  [libjvm.dylib+0xe862e]
V  [libjvm.dylib+0xe8857]
V  [libjvm.dylib+0xe8a6c]
V  [libjvm.dylib+0xe91ee]
V  [libjvm.dylib+0x1b55e6]
V  [libjvm.dylib+0x1b7b2d]
V  [libjvm.dylib+0x5612d3]
V  [libjvm.dylib+0x5629ce]
V  [libjvm.dylib+0x48343a]
C  [libsystem_pthread.dylib+0x3c13]  _pthread_body+0x83
C  [libsystem_pthread.dylib+0x3b90]  _pthread_body+0x0
C  [libsystem_pthread.dylib+0x1375]  thread_start+0xd
C  0x0000000000000000


Current CompileTask:
C1:   3061 3119       2       java.util.regex.Pattern::<init> (90 bytes)


---------------  P R O C E S S  ---------------

Java Threads: ( => current thread )
  0x00007fc07430b800 JavaThread "process reaper" daemon [_thread_blocked, id=23299, stack(0x000070000175f000,0x0000700001787000)]
  0x00007fc073b58800 JavaThread "File lock request listener" [_thread_in_native, id=22787, stack(0x000070000165c000,0x000070000175c000)]
  0x00007fc07328d800 JavaThread "Stdin handler" [_thread_blocked, id=22275, stack(0x0000700001559000,0x0000700001659000)]
  0x00007fc073a8c000 JavaThread "Daemon worker" [_thread_in_Java, id=21763, stack(0x0000700001456000,0x0000700001556000)]
  0x00007fc074ae5000 JavaThread "Cancel handler" [_thread_blocked, id=21251, stack(0x0000700001353000,0x0000700001453000)]
  0x00007fc0741ec000 JavaThread "Handler for socket connection from /127.0.0.1:49519 to /127.0.0.1:49520" [_thread_in_native, id=20739, stack(0x0000700001250000,0x0000700001350000)]
  0x00007fc074ae4000 JavaThread "Daemon" [_thread_blocked, id=20227, stack(0x000070000114d000,0x000070000124d000)]
  0x00007fc073bb3000 JavaThread "Incoming local TCP Connector on port 49519" [_thread_in_native, id=19715, stack(0x000070000104a000,0x000070000114a000)]
  0x00007fc073832800 JavaThread "Service Thread" daemon [_thread_blocked, id=18691, stack(0x0000700000e44000,0x0000700000f44000)]
=>0x00007fc07482c800 JavaThread "C1 CompilerThread2" daemon [_thread_in_vm, id=18179, stack(0x0000700000d41000,0x0000700000e41000)]
  0x00007fc073825800 JavaThread "C2 CompilerThread1" daemon [_thread_in_native, id=17667, stack(0x0000700000c3e000,0x0000700000d3e000)]
  0x00007fc073824000 JavaThread "C2 CompilerThread0" daemon [_thread_in_native, id=17155, stack(0x0000700000b3b000,0x0000700000c3b000)]
  0x00007fc073832000 JavaThread "Signal Dispatcher" daemon [_thread_blocked, id=12815, stack(0x0000700000a38000,0x0000700000b38000)]
  0x00007fc073804800 JavaThread "Finalizer" daemon [_thread_blocked, id=12291, stack(0x000070000082f000,0x000070000092f000)]
  0x00007fc073804000 JavaThread "Reference Handler" daemon [_thread_blocked, id=11779, stack(0x000070000072c000,0x000070000082c000)]
  0x00007fc074006000 JavaThread "main" [_thread_blocked, id=5891, stack(0x000070000011a000,0x000070000021a000)]

Other Threads:
  0x00007fc074851800 VMThread [stack: 0x0000700000629000,0x0000700000729000] [id=11267]
  0x00007fc07383d800 WatcherThread [stack: 0x0000700000f47000,0x0000700001047000] [id=19203]

VM state:not at safepoint (normal execution)

VM Mutex/Monitor currently owned by a thread: None

Heap:
 PSYoungGen      total 141824K, used 128111K [0x00000007aab00000, 0x00000007bc300000, 0x00000007c0000000)
  eden space 131072K, 97% used [0x00000007aab00000,0x00000007b281bef8,0x00000007b2b00000)
  from space 10752K, 0% used [0x00000007b2b00000,0x00000007b2b00000,0x00000007b3580000)
  to   space 12288K, 0% used [0x00000007bb700000,0x00000007bb700000,0x00000007bc300000)
 ParOldGen       total 100352K, used 10105K [0x0000000780000000, 0x0000000786200000, 0x00000007aab00000)
  object space 100352K, 10% used [0x0000000780000000,0x00000007809de768,0x0000000786200000)
 Metaspace       used 29646K, capacity 30320K, committed 30592K, reserved 1075200K
  class space    used 3960K, capacity 4133K, committed 4224K, reserved 1048576K

Card table byte_map: [0x0000000113f49000,0x000000011414a000] byte_map_base: 0x0000000110349000

Marking Bits: (ParMarkBitMap*) 0x00000001044dee20
 Begin Bits: [0x00000001142a0000, 0x00000001152a0000)
 End Bits:   [0x00000001152a0000, 0x00000001162a0000)

Polling page: 0x0000000103364000

CodeCache: size=245760Kb used=10474Kb max_used=10485Kb free=235285Kb
 bounds [0x0000000104b89000, 0x00000001055d9000, 0x0000000113b89000]
 total_blobs=3710 nmethods=3083 adapters=539
 compilation: enabled

Compilation events (10 events):
Event: 3.037 Thread 0x00007fc07482c800 nmethod 3110 0x00000001055b8d50 code [0x00000001055b8ea0, 0x00000001055b8fb0]
Event: 3.038 Thread 0x00007fc07482c800 3114       2       com.sun.org.apache.xerces.internal.dom.DeferredDocumentImpl::createDeferredAttribute (95 bytes)
Event: 3.038 Thread 0x00007fc07482c800 nmethod 3114 0x00000001055bb090 code [0x00000001055bb220, 0x00000001055bb4c8]
Event: 3.038 Thread 0x00007fc07482c800 3115       2       com.sun.org.apache.xerces.internal.util.XMLAttributesImpl::getIndexFast (38 bytes)
Event: 3.038 Thread 0x00007fc07482c800 nmethod 3115 0x00000001055bab90 code [0x00000001055bad00, 0x00000001055baf10]
Event: 3.041 Thread 0x00007fc07482c800 3116 %     3       com.sun.org.apache.xerces.internal.impl.XMLDocumentFragmentScannerImpl::scanDocument @ 13 (272 bytes)
Event: 3.042 Thread 0x00007fc07482c800 nmethod 3116% 0x00000001055c6ad0 code [0x00000001055c6dc0, 0x00000001055c86c8]
Event: 3.042 Thread 0x00007fc07482c800 3117       2       org.gradle.internal.resource.ExternalResourceName::getDecoded (37 bytes)
Event: 3.042 Thread 0x00007fc07482c800 nmethod 3117 0x00000001055ba550 code [0x00000001055ba6e0, 0x00000001055baa28]
Event: 3.042 Thread 0x00007fc07482c800 3119       2       java.util.regex.Pattern::<init> (90 bytes)

GC Heap History (10 events):
Event: 1.445 GC heap before
{Heap before GC invocations=2 (full 0):
 PSYoungGen      total 76288K, used 73934K [0x00000007aab00000, 0x00000007b0000000, 0x00000007c0000000)
  eden space 65536K, 100% used [0x00000007aab00000,0x00000007aeb00000,0x00000007aeb00000)
  from space 10752K, 78% used [0x00000007aeb00000,0x00000007af333a58,0x00000007af580000)
  to   space 10752K, 0% used [0x00000007af580000,0x00000007af580000,0x00000007b0000000)
 ParOldGen       total 175104K, used 16K [0x0000000780000000, 0x000000078ab00000, 0x00000007aab00000)
  object space 175104K, 0% used [0x0000000780000000,0x0000000780004000,0x000000078ab00000)
 Metaspace       used 19764K, capacity 20128K, committed 20480K, reserved 1067008K
  class space    used 2610K, capacity 2716K, committed 2816K, reserved 1048576K
Event: 1.458 GC heap after
Heap after GC invocations=2 (full 0):
 PSYoungGen      total 76288K, used 10741K [0x00000007aab00000, 0x00000007b4000000, 0x00000007c0000000)
  eden space 65536K, 0% used [0x00000007aab00000,0x00000007aab00000,0x00000007aeb00000)
  from space 10752K, 99% used [0x00000007af580000,0x00000007afffd768,0x00000007b0000000)
  to   space 10752K, 0% used [0x00000007aeb00000,0x00000007aeb00000,0x00000007af580000)
 ParOldGen       total 175104K, used 933K [0x0000000780000000, 0x000000078ab00000, 0x00000007aab00000)
  object space 175104K, 0% used [0x0000000780000000,0x00000007800e9570,0x000000078ab00000)
 Metaspace       used 19764K, capacity 20128K, committed 20480K, reserved 1067008K
  class space    used 2610K, capacity 2716K, committed 2816K, reserved 1048576K
}
Event: 1.622 GC heap before
{Heap before GC invocations=3 (full 0):
 PSYoungGen      total 76288K, used 76277K [0x00000007aab00000, 0x00000007b4000000, 0x00000007c0000000)
  eden space 65536K, 100% used [0x00000007aab00000,0x00000007aeb00000,0x00000007aeb00000)
  from space 10752K, 99% used [0x00000007af580000,0x00000007afffd768,0x00000007b0000000)
  to   space 10752K, 0% used [0x00000007aeb00000,0x00000007aeb00000,0x00000007af580000)
 ParOldGen       total 175104K, used 933K [0x0000000780000000, 0x000000078ab00000, 0x00000007aab00000)
  object space 175104K, 0% used [0x0000000780000000,0x00000007800e9570,0x000000078ab00000)
 Metaspace       used 19841K, capacity 20192K, committed 20480K, reserved 1067008K
  class space    used 2611K, capacity 2716K, committed 2816K, reserved 1048576K
Event: 1.627 GC heap after
Heap after GC invocations=3 (full 0):
 PSYoungGen      total 76288K, used 7752K [0x00000007aab00000, 0x00000007b4000000, 0x00000007c0000000)
  eden space 65536K, 0% used [0x00000007aab00000,0x00000007aab00000,0x00000007aeb00000)
  from space 10752K, 72% used [0x00000007aeb00000,0x00000007af292110,0x00000007af580000)
  to   space 10752K, 0% used [0x00000007b3580000,0x00000007b3580000,0x00000007b4000000)
 ParOldGen       total 175104K, used 941K [0x0000000780000000, 0x000000078ab00000, 0x00000007aab00000)
  object space 175104K, 0% used [0x0000000780000000,0x00000007800eb570,0x000000078ab00000)
 Metaspace       used 19841K, capacity 20192K, committed 20480K, reserved 1067008K
  class space    used 2611K, capacity 2716K, committed 2816K, reserved 1048576K
}
Event: 1.742 GC heap before
{Heap before GC invocations=4 (full 0):
 PSYoungGen      total 76288K, used 73288K [0x00000007aab00000, 0x00000007b4000000, 0x00000007c0000000)
  eden space 65536K, 100% used [0x00000007aab00000,0x00000007aeb00000,0x00000007aeb00000)
  from space 10752K, 72% used [0x00000007aeb00000,0x00000007af292110,0x00000007af580000)
  to   space 10752K, 0% used [0x00000007b3580000,0x00000007b3580000,0x00000007b4000000)
 ParOldGen       total 175104K, used 941K [0x0000000780000000, 0x000000078ab00000, 0x00000007aab00000)
  object space 175104K, 0% used [0x0000000780000000,0x00000007800eb570,0x000000078ab00000)
 Metaspace       used 19848K, capacity 20192K, committed 20480K, reserved 1067008K
  class space    used 2611K, capacity 2716K, committed 2816K, reserved 1048576K
Event: 1.748 GC heap after
Heap after GC invocations=4 (full 0):
 PSYoungGen      total 141824K, used 8308K [0x00000007aab00000, 0x00000007b4000000, 0x00000007c0000000)
  eden space 131072K, 0% used [0x00000007aab00000,0x00000007aab00000,0x00000007b2b00000)
  from space 10752K, 77% used [0x00000007b3580000,0x00000007b3d9d0e0,0x00000007b4000000)
  to   space 10752K, 0% used [0x00000007b2b00000,0x00000007b2b00000,0x00000007b3580000)
 ParOldGen       total 175104K, used 949K [0x0000000780000000, 0x000000078ab00000, 0x00000007aab00000)
  object space 175104K, 0% used [0x0000000780000000,0x00000007800ed570,0x000000078ab00000)
 Metaspace       used 19848K, capacity 20192K, committed 20480K, reserved 1067008K
  class space    used 2611K, capacity 2716K, committed 2816K, reserved 1048576K
}
Event: 1.886 GC heap before
{Heap before GC invocations=5 (full 0):
 PSYoungGen      total 141824K, used 67264K [0x00000007aab00000, 0x00000007b4000000, 0x00000007c0000000)
  eden space 131072K, 44% used [0x00000007aab00000,0x00000007ae493040,0x00000007b2b00000)
  from space 10752K, 77% used [0x00000007b3580000,0x00000007b3d9d0e0,0x00000007b4000000)
  to   space 10752K, 0% used [0x00000007b2b00000,0x00000007b2b00000,0x00000007b3580000)
 ParOldGen       total 175104K, used 949K [0x0000000780000000, 0x000000078ab00000, 0x00000007aab00000)
  object space 175104K, 0% used [0x0000000780000000,0x00000007800ed570,0x000000078ab00000)
 Metaspace       used 20835K, capacity 21100K, committed 21296K, reserved 1069056K
  class space    used 2701K, capacity 2782K, committed 2816K, reserved 1048576K
Event: 1.893 GC heap after
Heap after GC invocations=5 (full 0):
 PSYoungGen      total 141824K, used 10274K [0x00000007aab00000, 0x00000007bc300000, 0x00000007c0000000)
  eden space 131072K, 0% used [0x00000007aab00000,0x00000007aab00000,0x00000007b2b00000)
  from space 10752K, 95% used [0x00000007b2b00000,0x00000007b3508b30,0x00000007b3580000)
  to   space 12288K, 0% used [0x00000007bb700000,0x00000007bb700000,0x00000007bc300000)
 ParOldGen       total 175104K, used 957K [0x0000000780000000, 0x000000078ab00000, 0x00000007aab00000)
  object space 175104K, 0% used [0x0000000780000000,0x00000007800ef570,0x000000078ab00000)
 Metaspace       used 20835K, capacity 21100K, committed 21296K, reserved 1069056K
  class space    used 2701K, capacity 2782K, committed 2816K, reserved 1048576K
}
Event: 1.893 GC heap before
{Heap before GC invocations=6 (full 1):
 PSYoungGen      total 141824K, used 10274K [0x00000007aab00000, 0x00000007bc300000, 0x00000007c0000000)
  eden space 131072K, 0% used [0x00000007aab00000,0x00000007aab00000,0x00000007b2b00000)
  from space 10752K, 95% used [0x00000007b2b00000,0x00000007b3508b30,0x00000007b3580000)
  to   space 12288K, 0% used [0x00000007bb700000,0x00000007bb700000,0x00000007bc300000)
 ParOldGen       total 175104K, used 957K [0x0000000780000000, 0x000000078ab00000, 0x00000007aab00000)
  object space 175104K, 0% used [0x0000000780000000,0x00000007800ef570,0x000000078ab00000)
 Metaspace       used 20835K, capacity 21100K, committed 21296K, reserved 1069056K
  class space    used 2701K, capacity 2782K, committed 2816K, reserved 1048576K
Event: 1.928 GC heap after
Heap after GC invocations=6 (full 1):
 PSYoungGen      total 141824K, used 0K [0x00000007aab00000, 0x00000007bc300000, 0x00000007c0000000)
  eden space 131072K, 0% used [0x00000007aab00000,0x00000007aab00000,0x00000007b2b00000)
  from space 10752K, 0% used [0x00000007b2b00000,0x00000007b2b00000,0x00000007b3580000)
  to   space 12288K, 0% used [0x00000007bb700000,0x00000007bb700000,0x00000007bc300000)
 ParOldGen       total 100352K, used 10105K [0x0000000780000000, 0x0000000786200000, 0x00000007aab00000)
  object space 100352K, 10% used [0x0000000780000000,0x00000007809de768,0x0000000786200000)
 Metaspace       used 20835K, capacity 21100K, committed 21296K, reserved 1069056K
  class space    used 2701K, capacity 2782K, committed 2816K, reserved 1048576K
}

Deoptimization events (10 events):
Event: 2.701 Thread 0x00007fc073a8c000 Uncommon trap: reason=bimorphic action=maybe_recompile pc=0x0000000105390fe4 method=java.util.Hashtable.get(Ljava/lang/Object;)Ljava/lang/Object; @ 6
Event: 2.733 Thread 0x00007fc073a8c000 Uncommon trap: reason=bimorphic action=maybe_recompile pc=0x0000000105390fe4 method=java.util.Hashtable.get(Ljava/lang/Object;)Ljava/lang/Object; @ 6
Event: 2.743 Thread 0x00007fc073a8c000 Uncommon trap: reason=bimorphic action=maybe_recompile pc=0x0000000105390fe4 method=java.util.Hashtable.get(Ljava/lang/Object;)Ljava/lang/Object; @ 6
Event: 2.748 Thread 0x00007fc073a8c000 Uncommon trap: reason=bimorphic action=maybe_recompile pc=0x0000000105390fe4 method=java.util.Hashtable.get(Ljava/lang/Object;)Ljava/lang/Object; @ 6
Event: 2.769 Thread 0x00007fc073a8c000 Uncommon trap: reason=unstable_if action=reinterpret pc=0x000000010542819c method=com.sun.org.apache.xerces.internal.impl.XMLEntityScanner.scanContent(Lcom/sun/org/apache/xerces/internal/xni/XMLString;)I @ 481
Event: 2.806 Thread 0x00007fc073a8c000 Uncommon trap: reason=unstable_if action=reinterpret pc=0x0000000105402d00 method=com.sun.org.apache.xerces.internal.impl.XMLEntityScanner.peekChar()I @ 14
Event: 2.877 Thread 0x00007fc073a8c000 Uncommon trap: reason=unstable_if action=reinterpret pc=0x00000001054720f4 method=com.sun.org.apache.xerces.internal.impl.XMLEntityScanner.skipSpaces()Z @ 75
Event: 2.877 Thread 0x00007fc073a8c000 Uncommon trap: reason=unstable_if action=reinterpret pc=0x00000001054f04a0 method=com.sun.org.apache.xerces.internal.impl.XMLEntityScanner.peekChar()I @ 51
Event: 2.877 Thread 0x00007fc073a8c000 Uncommon trap: reason=unstable_if action=reinterpret pc=0x00000001054d5bb4 method=com.sun.org.apache.xerces.internal.impl.XMLEntityScanner.scanContent(Lcom/sun/org/apache/xerces/internal/xni/XMLString;)I @ 124
Event: 3.019 Thread 0x00007fc073a8c000 Uncommon trap: reason=null_check action=make_not_entrant pc=0x00000001055a9a6c method=com.sun.org.apache.xerces.internal.utils.XMLLimitAnalyzer.isTracking(Ljava/lang/String;)Z @ 14

Internal exceptions (10 events):
Event: 2.520 Thread 0x00007fc073a8c000 Exception <a 'java/lang/ClassNotFoundException': org/gradle/api/internal/artifacts/dsl/dependencies/DefaultDependencyHandler_DecoratedBeanInfo> (0x00000007aea6e8e8) thrown at [/Users/java_re/workspace/8-2-build-macosx-x86_64/jdk8u60/4407/hotspot/src/share
Event: 2.521 Thread 0x00007fc073a8c000 Exception <a 'java/lang/ClassNotFoundException': org/gradle/api/internal/artifacts/dsl/dependencies/DefaultDependencyHandlerBeanInfo> (0x00000007aea98240) thrown at [/Users/java_re/workspace/8-2-build-macosx-x86_64/jdk8u60/4407/hotspot/src/share/vm/classf
Event: 2.521 Thread 0x00007fc073a8c000 Exception <a 'java/lang/ClassNotFoundException': org/gradle/api/internal/artifacts/dsl/dependencies/DefaultDependencyHandlerCustomizer> (0x00000007aeac22b8) thrown at [/Users/java_re/workspace/8-2-build-macosx-x86_64/jdk8u60/4407/hotspot/src/share/vm/clas
Event: 2.522 Thread 0x00007fc073a8c000 Exception <a 'java/lang/ClassNotFoundException': org/gradle/api/internal/artifacts/dsl/dependencies/DefaultDependencyHandler_DecoratedCustomizer> (0x00000007aeaffce8) thrown at [/Users/java_re/workspace/8-2-build-macosx-x86_64/jdk8u60/4407/hotspot/src/sha
Event: 2.524 Thread 0x00007fc073a8c000 Exception <a 'java/lang/ClassNotFoundException': org/gradle/api/artifacts/dsl/DependencyHandlerBeanInfo> (0x00000007aeb5c7e0) thrown at [/Users/java_re/workspace/8-2-build-macosx-x86_64/jdk8u60/4407/hotspot/src/share/vm/classfile/systemDictionary.cpp, lin
Event: 2.524 Thread 0x00007fc073a8c000 Exception <a 'java/lang/ClassNotFoundException': org/gradle/api/artifacts/dsl/DependencyHandlerCustomizer> (0x00000007aeb7c568) thrown at [/Users/java_re/workspace/8-2-build-macosx-x86_64/jdk8u60/4407/hotspot/src/share/vm/classfile/systemDictionary.cpp, l
Event: 2.525 Thread 0x00007fc073a8c000 Exception <a 'java/lang/ClassNotFoundException': org/gradle/api/internal/IConventionAwareBeanInfo> (0x00000007aebb3900) thrown at [/Users/java_re/workspace/8-2-build-macosx-x86_64/jdk8u60/4407/hotspot/src/share/vm/classfile/systemDictionary.cpp, line 210]
Event: 2.525 Thread 0x00007fc073a8c000 Exception <a 'java/lang/ClassNotFoundException': org/gradle/api/internal/IConventionAwareCustomizer> (0x00000007aebd0b20) thrown at [/Users/java_re/workspace/8-2-build-macosx-x86_64/jdk8u60/4407/hotspot/src/share/vm/classfile/systemDictionary.cpp, line 21
Event: 2.676 Thread 0x00007fc073a8c000 Implicit null exception at 0x0000000104f689cc to 0x0000000104f68ecd
Event: 3.019 Thread 0x00007fc073a8c000 Implicit null exception at 0x00000001055abc25 to 0x00000001055a9a59

Events (10 events):
Event: 3.004 Thread 0x00007fc073a8c000 DEOPT UNPACKING pc=0x0000000104bd0633 sp=0x0000700001551a98 mode 0
Event: 3.011 Thread 0x00007fc073a8c000 DEOPT PACKING pc=0x00000001054ab5eb sp=0x0000700001551b60
Event: 3.011 Thread 0x00007fc073a8c000 DEOPT UNPACKING pc=0x0000000104bd0633 sp=0x00007000015518d8 mode 0
Event: 3.019 Thread 0x00007fc073a8c000 Uncommon trap: trap_request=0xfffffff4 fr.pc=0x00000001055a9a6c
Event: 3.019 Thread 0x00007fc073a8c000 DEOPT PACKING pc=0x00000001055a9a6c sp=0x00007000015501f0
Event: 3.019 Thread 0x00007fc073a8c000 DEOPT UNPACKING pc=0x0000000104b8e229 sp=0x0000700001550120 mode 2
Event: 3.022 Thread 0x00007fc073a8c000 DEOPT PACKING pc=0x00000001054ab5eb sp=0x0000700001550d40
Event: 3.022 Thread 0x00007fc073a8c000 DEOPT UNPACKING pc=0x0000000104bd0633 sp=0x0000700001550ab8 mode 0
Event: 3.032 Thread 0x00007fc073a8c000 DEOPT PACKING pc=0x00000001054ab5eb sp=0x0000700001550cc0
Event: 3.032 Thread 0x00007fc073a8c000 DEOPT UNPACKING pc=0x0000000104bd0633 sp=0x0000700001550a38 mode 0


Dynamic libraries:
0x0000000001a5c000 	/System/Library/Frameworks/Cocoa.framework/Versions/A/Cocoa
0x0000000001a5c000 	/System/Library/Frameworks/Security.framework/Versions/A/Security
0x0000000001a5c000 	/System/Library/Frameworks/ApplicationServices.framework/Versions/A/ApplicationServices
0x0000000001a5c000 	/usr/lib/libz.1.dylib
0x0000000001a5c000 	/usr/lib/libSystem.B.dylib
0x0000000001a5c000 	/usr/lib/libobjc.A.dylib
0x0000000001a5c000 	/System/Library/Frameworks/CoreFoundation.framework/Versions/A/CoreFoundation
0x0000000001a5c000 	/System/Library/Frameworks/Foundation.framework/Versions/C/Foundation
0x0000000001a5c000 	/System/Library/Frameworks/AppKit.framework/Versions/C/AppKit
0x0000000001a5c000 	/System/Library/Frameworks/CoreData.framework/Versions/A/CoreData
0x0000000001a5c000 	/System/Library/PrivateFrameworks/RemoteViewServices.framework/Versions/A/RemoteViewServices
0x0000000001a5c000 	/System/Library/PrivateFrameworks/UIFoundation.framework/Versions/A/UIFoundation
0x0000000001a5c000 	/usr/lib/libScreenReader.dylib
0x0000000001a5c000 	/System/Library/Frameworks/Accelerate.framework/Versions/A/Accelerate
0x0000000001a5c000 	/System/Library/Frameworks/IOSurface.framework/Versions/A/IOSurface
0x0000000001a5c000 	/System/Library/Frameworks/AudioToolbox.framework/Versions/A/AudioToolbox
0x0000000001a5c000 	/System/Library/Frameworks/AudioUnit.framework/Versions/A/AudioUnit
0x0000000001a5c000 	/System/Library/PrivateFrameworks/DataDetectorsCore.framework/Versions/A/DataDetectorsCore
0x0000000001a5c000 	/System/Library/PrivateFrameworks/DesktopServicesPriv.framework/Versions/A/DesktopServicesPriv
0x0000000001a5c000 	/System/Library/Frameworks/Carbon.framework/Versions/A/Frameworks/HIToolbox.framework/Versions/A/HIToolbox
0x0000000001a5c000 	/System/Library/Frameworks/QuartzCore.framework/Versions/A/QuartzCore
0x0000000001a5c000 	/System/Library/Frameworks/Carbon.framework/Versions/A/Frameworks/SpeechRecognition.framework/Versions/A/SpeechRecognition
0x0000000001a5c000 	/usr/lib/libauto.dylib
0x0000000001a5c000 	/usr/lib/libicucore.A.dylib
0x0000000001a5c000 	/usr/lib/libxml2.2.dylib
0x0000000001a5c000 	/System/Library/PrivateFrameworks/CoreUI.framework/Versions/A/CoreUI
0x0000000001a5c000 	/System/Library/Frameworks/CoreAudio.framework/Versions/A/CoreAudio
0x0000000001a5c000 	/System/Library/Frameworks/DiskArbitration.framework/Versions/A/DiskArbitration
0x0000000001a5c000 	/usr/lib/liblangid.dylib
0x0000000001a5c000 	/System/Library/PrivateFrameworks/MultitouchSupport.framework/Versions/A/MultitouchSupport
0x0000000001a5c000 	/System/Library/Frameworks/IOKit.framework/Versions/A/IOKit
0x0000000001a5c000 	/usr/lib/libDiagnosticMessagesClient.dylib
0x0000000001a5c000 	/System/Library/Frameworks/CoreServices.framework/Versions/A/CoreServices
0x0000000001a5c000 	/System/Library/PrivateFrameworks/PerformanceAnalysis.framework/Versions/A/PerformanceAnalysis
0x0000000001a5c000 	/System/Library/PrivateFrameworks/GenerationalStorage.framework/Versions/A/GenerationalStorage
0x0000000001a5c000 	/System/Library/Frameworks/OpenGL.framework/Versions/A/OpenGL
0x0000000001a5c000 	/System/Library/PrivateFrameworks/Sharing.framework/Versions/A/Sharing
0x0000000001a5c000 	/System/Library/Frameworks/CoreGraphics.framework/Versions/A/CoreGraphics
0x0000000001a5c000 	/System/Library/Frameworks/CoreImage.framework/Versions/A/CoreImage
0x0000000001a5c000 	/System/Library/Frameworks/CoreText.framework/Versions/A/CoreText
0x0000000001a5c000 	/System/Library/Frameworks/ImageIO.framework/Versions/A/ImageIO
0x0000000001a5c000 	/System/Library/PrivateFrameworks/Backup.framework/Versions/A/Backup
0x0000000001a5c000 	/usr/lib/libextension.dylib
0x0000000001a5c000 	/usr/lib/libarchive.2.dylib
0x0000000001a5c000 	/System/Library/Frameworks/CFNetwork.framework/Versions/A/CFNetwork
0x0000000001a5c000 	/System/Library/Frameworks/SystemConfiguration.framework/Versions/A/SystemConfiguration
0x0000000001a5c000 	/usr/lib/libCRFSuite.dylib
0x0000000001a5c000 	/usr/lib/libc++.1.dylib
0x0000000001a5c000 	/usr/lib/libc++abi.dylib
0x0000000001a5c000 	/usr/lib/system/libcache.dylib
0x0000000001a5c000 	/usr/lib/system/libcommonCrypto.dylib
0x0000000001a5c000 	/usr/lib/system/libcompiler_rt.dylib
0x0000000001a5c000 	/usr/lib/system/libcopyfile.dylib
0x0000000001a5c000 	/usr/lib/system/libcorecrypto.dylib
0x0000000001a5c000 	/usr/lib/system/libdispatch.dylib
0x0000000001a5c000 	/usr/lib/system/libdyld.dylib
0x0000000001a5c000 	/usr/lib/system/libkeymgr.dylib
0x0000000001a5c000 	/usr/lib/system/liblaunch.dylib
0x0000000001a5c000 	/usr/lib/system/libmacho.dylib
0x0000000001a5c000 	/usr/lib/system/libquarantine.dylib
0x0000000001a5c000 	/usr/lib/system/libremovefile.dylib
0x0000000001a5c000 	/usr/lib/system/libsystem_asl.dylib
0x0000000001a5c000 	/usr/lib/system/libsystem_blocks.dylib
0x0000000001a5c000 	/usr/lib/system/libsystem_c.dylib
0x0000000001a5c000 	/usr/lib/system/libsystem_configuration.dylib
0x0000000001a5c000 	/usr/lib/system/libsystem_coreservices.dylib
0x0000000001a5c000 	/usr/lib/system/libsystem_coretls.dylib
0x0000000001a5c000 	/usr/lib/system/libsystem_dnssd.dylib
0x0000000001a5c000 	/usr/lib/system/libsystem_info.dylib
0x0000000001a5c000 	/usr/lib/system/libsystem_kernel.dylib
0x0000000001a5c000 	/usr/lib/system/libsystem_m.dylib
0x0000000001a5c000 	/usr/lib/system/libsystem_malloc.dylib
0x0000000001a5c000 	/usr/lib/system/libsystem_network.dylib
0x0000000001a5c000 	/usr/lib/system/libsystem_networkextension.dylib
0x0000000001a5c000 	/usr/lib/system/libsystem_notify.dylib
0x0000000001a5c000 	/usr/lib/system/libsystem_platform.dylib
0x0000000001a5c000 	/usr/lib/system/libsystem_pthread.dylib
0x0000000001a5c000 	/usr/lib/system/libsystem_sandbox.dylib
0x0000000001a5c000 	/usr/lib/system/libsystem_secinit.dylib
0x0000000001a5c000 	/usr/lib/system/libsystem_trace.dylib
0x0000000001a5c000 	/usr/lib/system/libunc.dylib
0x0000000001a5c000 	/usr/lib/system/libunwind.dylib
0x0000000001a5c000 	/usr/lib/system/libxpc.dylib
0x0000000001a5c000 	/usr/lib/libenergytrace.dylib
0x0000000001a5c000 	/usr/lib/libbsm.0.dylib
0x0000000001a5c000 	/usr/lib/system/libkxld.dylib
0x0000000001a5c000 	/usr/lib/libxar.1.dylib
0x0000000001a5c000 	/usr/lib/libsqlite3.dylib
0x0000000001a5c000 	/usr/lib/libpam.2.dylib
0x0000000001a5c000 	/usr/lib/libOpenScriptingUtil.dylib
0x0000000001a5c000 	/usr/lib/libbz2.1.0.dylib
0x0000000001a5c000 	/usr/lib/liblzma.5.dylib
0x0000000001a5c000 	/System/Library/Frameworks/CoreServices.framework/Versions/A/Frameworks/FSEvents.framework/Versions/A/FSEvents
0x0000000001a5c000 	/System/Library/Frameworks/CoreServices.framework/Versions/A/Frameworks/CarbonCore.framework/Versions/A/CarbonCore
0x0000000001a5c000 	/System/Library/Frameworks/CoreServices.framework/Versions/A/Frameworks/Metadata.framework/Versions/A/Metadata
0x0000000001a5c000 	/System/Library/Frameworks/CoreServices.framework/Versions/A/Frameworks/OSServices.framework/Versions/A/OSServices
0x0000000001a5c000 	/System/Library/Frameworks/CoreServices.framework/Versions/A/Frameworks/SearchKit.framework/Versions/A/SearchKit
0x0000000001a5c000 	/System/Library/Frameworks/CoreServices.framework/Versions/A/Frameworks/AE.framework/Versions/A/AE
0x0000000001a5c000 	/System/Library/Frameworks/CoreServices.framework/Versions/A/Frameworks/LaunchServices.framework/Versions/A/LaunchServices
0x0000000001a5c000 	/System/Library/Frameworks/CoreServices.framework/Versions/A/Frameworks/DictionaryServices.framework/Versions/A/DictionaryServices
0x0000000001a5c000 	/System/Library/Frameworks/CoreServices.framework/Versions/A/Frameworks/SharedFileList.framework/Versions/A/SharedFileList
0x0000000001a5c000 	/System/Library/Frameworks/NetFS.framework/Versions/A/NetFS
0x0000000001a5c000 	/System/Library/PrivateFrameworks/NetAuth.framework/Versions/A/NetAuth
0x0000000001a5c000 	/System/Library/PrivateFrameworks/login.framework/Versions/A/Frameworks/loginsupport.framework/Versions/A/loginsupport
0x0000000001a5c000 	/System/Library/PrivateFrameworks/TCC.framework/Versions/A/TCC
0x0000000001a5c000 	/usr/lib/libmecabra.dylib
0x0000000001a5c000 	/System/Library/Frameworks/ApplicationServices.framework/Versions/A/Frameworks/ATS.framework/Versions/A/ATS
0x0000000001a5c000 	/System/Library/Frameworks/ApplicationServices.framework/Versions/A/Frameworks/ColorSync.framework/Versions/A/ColorSync
0x0000000001a5c000 	/System/Library/Frameworks/ApplicationServices.framework/Versions/A/Frameworks/HIServices.framework/Versions/A/HIServices
0x0000000001a5c000 	/System/Library/Frameworks/ApplicationServices.framework/Versions/A/Frameworks/LangAnalysis.framework/Versions/A/LangAnalysis
0x0000000001a5c000 	/System/Library/Frameworks/ApplicationServices.framework/Versions/A/Frameworks/PrintCore.framework/Versions/A/PrintCore
0x0000000001a5c000 	/System/Library/Frameworks/ApplicationServices.framework/Versions/A/Frameworks/QD.framework/Versions/A/QD
0x0000000001a5c000 	/System/Library/Frameworks/ApplicationServices.framework/Versions/A/Frameworks/SpeechSynthesis.framework/Versions/A/SpeechSynthesis
0x0000000001a5c000 	/System/Library/Frameworks/Metal.framework/Versions/A/Metal
0x0000000001a5c000 	/System/Library/Frameworks/Accelerate.framework/Versions/A/Frameworks/vImage.framework/Versions/A/vImage
0x0000000001a5c000 	/System/Library/Frameworks/Accelerate.framework/Versions/A/Frameworks/vecLib.framework/Versions/A/vecLib
0x0000000001a5c000 	/System/Library/Frameworks/Accelerate.framework/Versions/A/Frameworks/vecLib.framework/Versions/A/libvDSP.dylib
0x0000000001a5c000 	/System/Library/Frameworks/Accelerate.framework/Versions/A/Frameworks/vecLib.framework/Versions/A/libvMisc.dylib
0x0000000001a5c000 	/System/Library/Frameworks/Accelerate.framework/Versions/A/Frameworks/vecLib.framework/Versions/A/libLAPACK.dylib
0x0000000001a5c000 	/System/Library/Frameworks/Accelerate.framework/Versions/A/Frameworks/vecLib.framework/Versions/A/libBLAS.dylib
0x0000000001a5c000 	/System/Library/Frameworks/Accelerate.framework/Versions/A/Frameworks/vecLib.framework/Versions/A/libLinearAlgebra.dylib
0x0000000001a5c000 	/System/Library/Frameworks/Accelerate.framework/Versions/A/Frameworks/vecLib.framework/Versions/A/libSparseBLAS.dylib
0x0000000001a5c000 	/System/Library/PrivateFrameworks/GPUCompiler.framework/libmetal_timestamp.dylib
0x0000000001a5c000 	/System/Library/Frameworks/OpenGL.framework/Versions/A/Libraries/libCoreFSCache.dylib
0x0000000001a5c000 	/System/Library/PrivateFrameworks/IOAccelerator.framework/Versions/A/IOAccelerator
0x0000000001a5c000 	/System/Library/Frameworks/ApplicationServices.framework/Versions/A/Frameworks/ATS.framework/Versions/A/Resources/libFontParser.dylib
0x0000000001a5c000 	/System/Library/Frameworks/ApplicationServices.framework/Versions/A/Frameworks/ATS.framework/Versions/A/Resources/libFontRegistry.dylib
0x0000000001a5c000 	/System/Library/PrivateFrameworks/AppleVPA.framework/Versions/A/AppleVPA
0x0000000001a5c000 	/System/Library/PrivateFrameworks/AppleJPEG.framework/Versions/A/AppleJPEG
0x0000000001a5c000 	/System/Library/Frameworks/ImageIO.framework/Versions/A/Resources/libJPEG.dylib
0x0000000001a5c000 	/System/Library/Frameworks/ImageIO.framework/Versions/A/Resources/libTIFF.dylib
0x0000000001a5c000 	/System/Library/Frameworks/ImageIO.framework/Versions/A/Resources/libPng.dylib
0x0000000001a5c000 	/System/Library/Frameworks/ImageIO.framework/Versions/A/Resources/libGIF.dylib
0x0000000001a5c000 	/System/Library/Frameworks/ImageIO.framework/Versions/A/Resources/libJP2.dylib
0x0000000001a5c000 	/System/Library/Frameworks/ImageIO.framework/Versions/A/Resources/libRadiance.dylib
0x0000000001a5c000 	/System/Library/Frameworks/CoreVideo.framework/Versions/A/CoreVideo
0x0000000001a5c000 	/System/Library/Frameworks/OpenGL.framework/Versions/A/Libraries/libGLU.dylib
0x0000000001a5c000 	/System/Library/Frameworks/OpenGL.framework/Versions/A/Libraries/libGFXShared.dylib
0x0000000001a5c000 	/System/Library/Frameworks/OpenGL.framework/Versions/A/Libraries/libGL.dylib
0x0000000001a5c000 	/System/Library/Frameworks/OpenGL.framework/Versions/A/Libraries/libGLImage.dylib
0x0000000001a5c000 	/System/Library/Frameworks/OpenGL.framework/Versions/A/Libraries/libCVMSPluginSupport.dylib
0x0000000001a5c000 	/System/Library/Frameworks/OpenGL.framework/Versions/A/Libraries/libCoreVMClient.dylib
0x0000000001a5c000 	/usr/lib/libcups.2.dylib
0x0000000001a5c000 	/System/Library/Frameworks/Kerberos.framework/Versions/A/Kerberos
0x0000000001a5c000 	/System/Library/Frameworks/GSS.framework/Versions/A/GSS
0x0000000001a5c000 	/usr/lib/libresolv.9.dylib
0x0000000001a5c000 	/usr/lib/libiconv.2.dylib
0x0000000001a5c000 	/System/Library/PrivateFrameworks/Heimdal.framework/Versions/A/Heimdal
0x0000000001a5c000 	/usr/lib/libheimdal-asn1.dylib
0x0000000001a5c000 	/System/Library/Frameworks/OpenDirectory.framework/Versions/A/OpenDirectory
0x0000000001a5c000 	/System/Library/PrivateFrameworks/CommonAuth.framework/Versions/A/CommonAuth
0x0000000001a5c000 	/System/Library/Frameworks/OpenDirectory.framework/Versions/A/Frameworks/CFOpenDirectory.framework/Versions/A/CFOpenDirectory
0x0000000001a5c000 	/System/Library/Frameworks/SecurityFoundation.framework/Versions/A/SecurityFoundation
0x0000000001a5c000 	/System/Library/PrivateFrameworks/LanguageModeling.framework/Versions/A/LanguageModeling
0x0000000001a5c000 	/usr/lib/libmarisa.dylib
0x0000000001a5c000 	/usr/lib/libChineseTokenizer.dylib
0x0000000001a5c000 	/usr/lib/libcmph.dylib
0x0000000001a5c000 	/usr/lib/libcompression.dylib
0x0000000001a5c000 	/System/Library/Frameworks/ServiceManagement.framework/Versions/A/ServiceManagement
0x0000000001a5c000 	/usr/lib/libxslt.1.dylib
0x0000000001a5c000 	/System/Library/Frameworks/Carbon.framework/Versions/A/Frameworks/Ink.framework/Versions/A/Ink
0x0000000001a5c000 	/usr/lib/libFosl_dynamic.dylib
0x0000000001a5c000 	/System/Library/PrivateFrameworks/FaceCore.framework/Versions/A/FaceCore
0x0000000001a5c000 	/System/Library/Frameworks/OpenCL.framework/Versions/A/OpenCL
0x0000000001a5c000 	/System/Library/PrivateFrameworks/CrashReporterSupport.framework/Versions/A/CrashReporterSupport
0x0000000001a5c000 	/System/Library/PrivateFrameworks/IconServices.framework/Versions/A/IconServices
0x0000000001a5c000 	/System/Library/PrivateFrameworks/Apple80211.framework/Versions/A/Apple80211
0x0000000001a5c000 	/System/Library/Frameworks/CoreWLAN.framework/Versions/A/CoreWLAN
0x0000000001a5c000 	/System/Library/Frameworks/IOBluetooth.framework/Versions/A/IOBluetooth
0x0000000001a5c000 	/System/Library/PrivateFrameworks/CoreWiFi.framework/Versions/A/CoreWiFi
0x0000000001a5c000 	/System/Library/Frameworks/CoreBluetooth.framework/Versions/A/CoreBluetooth
0x0000000001a5c000 	/System/Library/PrivateFrameworks/ChunkingLibrary.framework/Versions/A/ChunkingLibrary
0x0000000001a5c000 	/System/Library/PrivateFrameworks/DebugSymbols.framework/Versions/A/DebugSymbols
0x0000000001a5c000 	/System/Library/PrivateFrameworks/CoreSymbolication.framework/Versions/A/CoreSymbolication
0x0000000001a5c000 	/System/Library/PrivateFrameworks/Symbolication.framework/Versions/A/Symbolication
0x0000000001a5c000 	/System/Library/PrivateFrameworks/SpeechRecognitionCore.framework/Versions/A/SpeechRecognitionCore
0x0000000103c00000 	/Library/Java/JavaVirtualMachines/jdk1.8.0_60.jdk/Contents/Home/jre/lib/server/libjvm.dylib
0x0000000001a5c000 	/usr/lib/libstdc++.6.dylib
0x0000000103321000 	/Library/Java/JavaVirtualMachines/jdk1.8.0_60.jdk/Contents/Home/jre/lib/libverify.dylib
0x000000010332f000 	/Library/Java/JavaVirtualMachines/jdk1.8.0_60.jdk/Contents/Home/jre/lib/libjava.dylib
0x000000010336e000 	/Library/Java/JavaVirtualMachines/jdk1.8.0_60.jdk/Contents/Home/jre/lib/libzip.dylib
0x0000000117f06000 	/System/Library/Frameworks/JavaVM.framework/Frameworks/JavaRuntimeSupport.framework/JavaRuntimeSupport
0x0000000117f21000 	/System/Library/Frameworks/JavaVM.framework/Versions/A/Frameworks/JavaNativeFoundation.framework/Versions/A/JavaNativeFoundation
0x0000000117f36000 	/System/Library/Frameworks/JavaVM.framework/Versions/A/JavaVM
0x0000000001a5c000 	/System/Library/Frameworks/Carbon.framework/Versions/A/Carbon
0x00000001033f4000 	/System/Library/PrivateFrameworks/JavaLaunching.framework/Versions/A/JavaLaunching
0x0000000001a5c000 	/System/Library/Frameworks/Carbon.framework/Versions/A/Frameworks/CommonPanels.framework/Versions/A/CommonPanels
0x0000000001a5c000 	/System/Library/Frameworks/Carbon.framework/Versions/A/Frameworks/Help.framework/Versions/A/Help
0x0000000001a5c000 	/System/Library/Frameworks/Carbon.framework/Versions/A/Frameworks/ImageCapture.framework/Versions/A/ImageCapture
0x0000000001a5c000 	/System/Library/Frameworks/Carbon.framework/Versions/A/Frameworks/OpenScripting.framework/Versions/A/OpenScripting
0x0000000001a5c000 	/System/Library/Frameworks/Carbon.framework/Versions/A/Frameworks/Print.framework/Versions/A/Print
0x0000000001a5c000 	/System/Library/Frameworks/Carbon.framework/Versions/A/Frameworks/SecurityHI.framework/Versions/A/SecurityHI
0x00000001199dc000 	/Library/Java/JavaVirtualMachines/jdk1.8.0_60.jdk/Contents/Home/jre/lib/libnet.dylib
0x0000000119a3b000 	/Library/Java/JavaVirtualMachines/jdk1.8.0_60.jdk/Contents/Home/jre/lib/libnio.dylib
0x0000000119a4b000 	/Users/iguest/.gradle/native/19/osx-amd64/libnative-platform.dylib

VM Arguments:
jvm_args: -XX:MaxPermSize=256m -XX:+HeapDumpOnOutOfMemoryError -Xmx1024m -Dfile.encoding=UTF-8 -Duser.country=US -Duser.language=en -Duser.variant 
java_command: org.gradle.launcher.daemon.bootstrap.GradleDaemon 2.8
java_class_path (initial): /Applications/Android Studio.app/Contents/gradle/gradle-2.8/lib/gradle-launcher-2.8.jar
Launcher Type: SUN_STANDARD

Environment Variables:
PATH=/usr/bin:/bin:/usr/sbin:/sbin
SHELL=/bin/bash

Signal Handlers:
SIGSEGV: [libjvm.dylib+0x5a6d31], sa_mask[0]=11111111011111110111111111111111, sa_flags=SA_ONSTACK|SA_RESTART|SA_SIGINFO
SIGBUS: [libjvm.dylib+0x5a6d31], sa_mask[0]=11111111011111110111111111111111, sa_flags=SA_RESTART|SA_SIGINFO
SIGFPE: [libjvm.dylib+0x480a4c], sa_mask[0]=11111111011111110111111111111111, sa_flags=SA_RESTART|SA_SIGINFO
SIGPIPE: [libjvm.dylib+0x480a4c], sa_mask[0]=11111111011111110111111111111111, sa_flags=SA_RESTART|SA_SIGINFO
SIGXFSZ: [libjvm.dylib+0x480a4c], sa_mask[0]=11111111011111110111111111111111, sa_flags=SA_RESTART|SA_SIGINFO
SIGILL: [libjvm.dylib+0x480a4c], sa_mask[0]=11111111011111110111111111111111, sa_flags=SA_RESTART|SA_SIGINFO
SIGUSR1: SIG_DFL, sa_mask[0]=00000000000000000000000000000000, sa_flags=none
SIGUSR2: [libjvm.dylib+0x48056a], sa_mask[0]=00100000000000000000000000000000, sa_flags=SA_RESTART|SA_SIGINFO
SIGHUP: [libjvm.dylib+0x47eb41], sa_mask[0]=11111111011111110111111111111111, sa_flags=SA_RESTART|SA_SIGINFO
SIGINT: [libjvm.dylib+0x47eb41], sa_mask[0]=11111111011111110111111111111111, sa_flags=SA_RESTART|SA_SIGINFO
SIGTERM: [libjvm.dylib+0x47eb41], sa_mask[0]=11111111011111110111111111111111, sa_flags=SA_RESTART|SA_SIGINFO
SIGQUIT: [libjvm.dylib+0x47eb41], sa_mask[0]=11111111011111110111111111111111, sa_flags=SA_RESTART|SA_SIGINFO


---------------  S Y S T E M  ---------------

OS:Bsduname:Darwin 15.2.0 Darwin Kernel Version 15.2.0: Fri Nov 13 19:56:56 PST 2015; root:xnu-3248.20.55~2/RELEASE_X86_64 x86_64
rlimit: STACK 8192k, CORE 0k, NPROC 709, NOFILE 10240, AS infinity
load average:2.50 1.55 0.74

CPU:total 4 (4 cores per cpu, 1 threads per core) family 6 model 60 stepping 3, cmov, cx8, fxsr, mmx, sse, sse2, sse3, ssse3, sse4.1, sse4.2, popcnt, avx, avx2, aes, clmul, erms, rtm, lzcnt, tsc, tscinvbit, bmi1, bmi2

Memory: 4k page, physical 16777216k(3447264k free)

/proc/meminfo:


vm_info: Java HotSpot(TM) 64-Bit Server VM (25.60-b23) for bsd-amd64 JRE (1.8.0_60-b27), built on Aug  4 2015 10:47:24 by "java_re" with gcc 4.2.1 (Based on Apple Inc. build 5658) (LLVM build 2336.11.00)

time: Tue Mar  1 15:28:57 2016
elapsed time: 3 seconds (0d 0h 0m 3s)

